<?xml version="1.0" encoding="UTF-8"?>
<!-- Generated by org.testng.reporters.JUnitXMLReporter -->
<testsuite ignored="4" hostname="LAPTOP-RL7JVSAU" failures="0" tests="4" name="Test(failed)" time="10.51" errors="0" timestamp="2025-02-12T13:00:34 IST">
  <testcase classname="com.actiTime.testcsript.Project_Module" name="modifyProject" time="0.014"/>
  <testcase classname="com.actiTime.testcsript.Project_Module" name="createProject" time="1.899"/>
  <testcase classname="com.actiTime.testcsript.Task_Module" name="createTask" time="0.003"/>
  <testcase classname="com.actiTime.testcsript.Task_Module" name="modifyTask" time="0.003"/>
  <testcase classname="com.actiTime.testcsript.Task_Module" name="deleteTask" time="0.0">
    <ignored/>
  </testcase> <!-- deleteTask -->
  <testcase classname="com.actiTime.testcsript.Project_Module" name="deleteProject" time="0.0">
    <ignored/>
  </testcase> <!-- deleteProject -->
  <testcase classname="com.actiTime.generic.BaseClass" name="@BeforeTest openBrowser" time="0.0">
    <ignored/>
  </testcase> <!-- @BeforeTest openBrowser -->
  <testcase classname="com.actiTime.generic.BaseClass" name="@AfterTest closeBrowser" time="0.0">
    <ignored/>
  </testcase> <!-- @AfterTest closeBrowser -->
</testsuite> <!-- Test(failed) -->
