<?xml version="1.0" encoding="UTF-8"?>
<!-- Generated by org.testng.reporters.JUnitXMLReporter -->
<testsuite ignored="2" hostname="LAPTOP-RL7JVSAU" failures="0" tests="1" name="Test(failed)(failed)" time="6.085" errors="0" timestamp="2025-02-11T21:31:58 IST">
  <testcase classname="com.actiTime.generic.BaseClass" name="@AfterMethod logout" time="1.223">
    <failure type="java.lang.AssertionError" message="null">
      <![CDATA[java.lang.AssertionError: null
at com.actiTime.generic.BaseClass.logout(BaseClass.java:44)
at java.base/java.util.ArrayList.forEach(ArrayList.java:1597)
... Removed 32 stack frames]]>
    </failure>
  </testcase> <!-- @AfterMethod logout -->
  <testcase classname="com.actiTime.testcsript.Customer_Module" name="createCustomer" time="0.026"/>
  <testcase classname="com.actiTime.testcsript.Customer_Module" name="editCustomer" time="0.0">
    <ignored/>
  </testcase> <!-- editCustomer -->
  <testcase classname="com.actiTime.testcsript.Customer_Module" name="deleteCustomer" time="0.0">
    <ignored/>
  </testcase> <!-- deleteCustomer -->
</testsuite> <!-- Test(failed)(failed) -->
