<?xml version="1.0" encoding="UTF-8"?>
<testng-results ignored="0" total="1" passed="1" failed="0" skipped="0">
  <reporter-output>
    <line>
      <![CDATA[Open browser]]>
    </line>
    <line>
      <![CDATA[login]]>
    </line>
    <line>
      <![CDATA[create task]]>
    </line>
    <line>
      <![CDATA[logout]]>
    </line>
    <line>
      <![CDATA[close Browser]]>
    </line>
  </reporter-output>
  <suite started-at="2025-02-21T12:47:34 IST" name="Suite" finished-at="2025-02-21T12:47:41 IST" duration-ms="6628">
    <groups>
      <group name="Smoke test">
        <method signature="Task_Module.createTask()[pri:0, instance:com.actiTime.testcsript.Task_Module@7ec7ffd3]" name="createTask" class="com.actiTime.testcsript.Task_Module"/>
      </group> <!-- Smoke test -->
    </groups>
    <test started-at="2025-02-21T12:47:34 IST" name="Test" finished-at="2025-02-21T12:47:41 IST" duration-ms="6628">
      <class name="com.actiTime.testcsript.Task_Module">
        <test-method is-config="true" signature="openBrowser()[pri:0, instance:com.actiTime.testcsript.Task_Module@7ec7ffd3]" started-at="2025-02-21T12:47:34 IST" name="openBrowser" finished-at="2025-02-21T12:47:37 IST" duration-ms="2260" status="PASS">
          <reporter-output>
            <line>
              <![CDATA[Open browser]]>
            </line>
          </reporter-output>
        </test-method> <!-- openBrowser -->
        <test-method is-config="true" signature="login()[pri:0, instance:com.actiTime.testcsript.Task_Module@7ec7ffd3]" started-at="2025-02-21T12:47:37 IST" name="login" finished-at="2025-02-21T12:47:38 IST" duration-ms="817" status="PASS">
          <reporter-output>
            <line>
              <![CDATA[login]]>
            </line>
          </reporter-output>
        </test-method> <!-- login -->
        <test-method signature="createTask()[pri:0, instance:com.actiTime.testcsript.Task_Module@7ec7ffd3]" started-at="2025-02-21T12:47:38 IST" name="createTask" finished-at="2025-02-21T12:47:40 IST" duration-ms="2832" status="PASS">
          <reporter-output>
            <line>
              <![CDATA[create task]]>
            </line>
          </reporter-output>
        </test-method> <!-- createTask -->
        <test-method is-config="true" signature="logout()[pri:0, instance:com.actiTime.testcsript.Task_Module@7ec7ffd3]" started-at="2025-02-21T12:47:40 IST" name="logout" finished-at="2025-02-21T12:47:41 IST" duration-ms="173" status="PASS">
          <reporter-output>
            <line>
              <![CDATA[logout]]>
            </line>
          </reporter-output>
        </test-method> <!-- logout -->
        <test-method is-config="true" signature="closeBrowser()[pri:0, instance:com.actiTime.testcsript.Task_Module@7ec7ffd3]" started-at="2025-02-21T12:47:41 IST" name="closeBrowser" finished-at="2025-02-21T12:47:41 IST" duration-ms="504" status="PASS">
          <reporter-output>
            <line>
              <![CDATA[close Browser]]>
            </line>
          </reporter-output>
        </test-method> <!-- closeBrowser -->
      </class> <!-- com.actiTime.testcsript.Task_Module -->
    </test> <!-- Test -->
  </suite> <!-- Suite -->
</testng-results>
