<?xml version="1.0" encoding="UTF-8"?>
<!-- Generated by org.testng.reporters.JUnitXMLReporter -->
<testsuite ignored="0" hostname="LAPTOP-RL7JVSAU" failures="0" tests="15" name="Test(failed)(failed)(failed)" time="0.142" errors="0" timestamp="2025-02-09T00:11:25 IST">
  <testcase classname="com.actiTime.testcsript.Project_Module" name="createProject" time="0.016"/>
  <testcase classname="com.actiTime.testcsript.Project_Module" name="modifyProject" time="0.002"/>
  <testcase classname="com.actiTime.testcsript.Project_Module" name="modifyProject" time="0.002"/>
  <testcase classname="com.actiTime.testcsript.Project_Module" name="modifyProject" time="0.001"/>
  <testcase classname="com.actiTime.testcsript.Project_Module" name="deleteProject" time="0.002"/>
  <testcase classname="com.actiTime.testcsript.Customer_Module" name="createCustomer" time="0.003"/>
  <testcase classname="com.actiTime.testcsript.Customer_Module" name="modifyCustomer" time="0.001"/>
  <testcase classname="com.actiTime.testcsript.Customer_Module" name="modifyCustomer" time="0.002"/>
  <testcase classname="com.actiTime.testcsript.Customer_Module" name="modifyCustomer" time="0.002"/>
  <testcase classname="com.actiTime.testcsript.Customer_Module" name="deleteCustomer" time="0.002"/>
  <testcase classname="com.actiTime.testcsript.Task_Module" name="createTask" time="0.002"/>
  <testcase classname="com.actiTime.testcsript.Task_Module" name="modifyTask" time="0.003"/>
  <testcase classname="com.actiTime.testcsript.Task_Module" name="modifyTask" time="0.002"/>
  <testcase classname="com.actiTime.testcsript.Task_Module" name="modifyTask" time="0.002"/>
  <testcase classname="com.actiTime.testcsript.Task_Module" name="deleteTask" time="0.003"/>
</testsuite> <!-- Test(failed)(failed)(failed) -->
